#-----------------------------------------------------------
# Vivado v2014.2 (64-bit)
# SW Build 932637 on Wed Jun 11 13:33:10 MDT 2014
# IP Build 924643 on Fri May 30 09:20:16 MDT 2014
# Start of session at: Sun Dec 28 22:48:42 2014
# Process ID: 5604
# Log file: D:/linan_game6/linan_game/vivado.log
# Journal file: D:/linan_game6/linan_game\vivado.jou
#-----------------------------------------------------------
start_gui
open_project {D:\linan_game6\linan_game\project_2.xpr}
CRITICAL WARNING: [Board 49-4] Problem parsing board_part file - C:/Xilinx/Vivado/2014.2/data/boards/board_parts/kintex7/kc705/0.9/board_part.xml, The board part 'xc7k325tffg900-2' is either not supported or invalid.
CRITICAL WARNING: [Board 49-4] Problem parsing board_part file - C:/Xilinx/Vivado/2014.2/data/boards/board_parts/kintex7/kc705/1.0/board_part.xml, The board part 'xc7k325tffg900-2' is either not supported or invalid.
CRITICAL WARNING: [Board 49-4] Problem parsing board_part file - C:/Xilinx/Vivado/2014.2/data/boards/board_parts/zynq/zc706/0.9/board_part.xml, The board part 'xc7z045ffg900-2' is either not supported or invalid.
CRITICAL WARNING: [Board 49-4] Problem parsing board_part file - C:/Xilinx/Vivado/2014.2/data/boards/board_parts/zynq/zc706/1.0/board_part.xml, The board part 'xc7z045ffg900-2' is either not supported or invalid.
Scanning sources...
Finished scanning sources
INFO: [IP_Flow 19-234] Refreshing IP repositories
INFO: [IP_Flow 19-1704] No user IP repositories specified
INFO: [IP_Flow 19-2313] Loaded Vivado IP repository 'C:/Xilinx/Vivado/2014.2/data/ip'.
reset_run synth_1
launch_runs impl_1 -to_step write_bitstream
WARNING: [filemgmt 20-1763] Vivado Synthesis ignores library specification for Verilog or SystemVerilog files. [D:/linan_game6/linan_game/project_2.srcs/sources_1/imports/sources/vga_timing.v]
WARNING: [filemgmt 20-1763] Vivado Synthesis ignores library specification for Verilog or SystemVerilog files. [D:/linan_game6/linan_game/project_2.srcs/sources_1/imports/sources/debounce.v]
WARNING: [filemgmt 20-1763] Vivado Synthesis ignores library specification for Verilog or SystemVerilog files. [D:/linan_game6/linan_game/project_2.srcs/sources_1/new/keyboard.v]
WARNING: [filemgmt 20-1763] Vivado Synthesis ignores library specification for Verilog or SystemVerilog files. [D:/linan_game6/linan_game/project_2.srcs/sources_1/imports/sources/top_flyinglogo.v]
WARNING: [filemgmt 20-1763] Vivado Synthesis ignores library specification for Verilog or SystemVerilog files. [D:/linan_game6/linan_game/project_2.srcs/sources_1/imports/new/x7seg.v]
WARNING: [filemgmt 20-1763] Vivado Synthesis ignores library specification for Verilog or SystemVerilog files. [D:/linan_game6/linan_game/project_2.srcs/sources_1/imports/new/modcnt.v]
WARNING: [filemgmt 20-1763] Vivado Synthesis ignores library specification for Verilog or SystemVerilog files. [D:/linan_game6/linan_game/project_2.srcs/sources_1/imports/new/count_time.v]
WARNING: [filemgmt 20-1763] Vivado Synthesis ignores library specification for Verilog or SystemVerilog files. [D:/linan_game6/linan_game/project_2.srcs/sources_1/new/game.v]
WARNING: [filemgmt 20-1763] Vivado Synthesis ignores library specification for Verilog or SystemVerilog files. [D:/linan_game6/linan_game/project_2.srcs/sources_1/imports/new/clock_top.v]
WARNING: [filemgmt 20-1763] Vivado Synthesis ignores library specification for Verilog or SystemVerilog files. [D:/linan_game6/linan_game/project_2.srcs/sources_1/new/top_soccer.v]
INFO: [Memdata 28-152] Did  not create MIG processor data. D:/linan_game6/linan_game/project_2.srcs/sources_1/ip/dcm_25m/dcm_25m.xci
INFO: [Memdata 28-152] Did  not create MIG processor data. D:/linan_game6/linan_game/project_2.srcs/sources_1/ip/dcm_25m/dcm_25m.xci
[Sun Dec 28 22:48:59 2014] Launched synth_1...
Run output will be captured here: D:/linan_game6/linan_game/project_2.runs/synth_1/runme.log
[Sun Dec 28 22:48:59 2014] Launched impl_1...
Run output will be captured here: D:/linan_game6/linan_game/project_2.runs/impl_1/runme.log
reset_run impl_1
reset_run synth_1
exit
INFO: [Common 17-206] Exiting Vivado at Sun Dec 28 22:54:29 2014...
