Copyright 1986-2014 Xilinx, Inc. All Rights Reserved.
----------------------------------------------------------------------------------------
| Tool Version : Vivado v.2014.2 (win64) Build 932637 Wed Jun 11 13:33:10 MDT 2014
| Date         : Mon Dec 29 17:34:23 2014
| Host         : stu49c86b running 64-bit major release  (build 7600)
| Command      : report_clock_utilization -file top_soccer_clock_utilization_placed.rpt
| Design       : top_soccer
| Device       : xc7a100t
----------------------------------------------------------------------------------------

Clock Utilization Report

Table of Contents
-----------------
1. Clock Primitive Utilization
2. Details of Global Clocks
3. Details of Regional Clocks
4. Details of Multi-Regional Clocks
5. Details of I/O Clocks
6. Details of Local Clocks
7. Clock Regions : Key Resource Utilization
8. Net wise resources used in clock region X0Y0
9. Net wise resources used in clock region X1Y1
10. Net wise resources used in clock region X1Y2

1. Clock Primitive Utilization
------------------------------

+-------+------+-----------+-----------+
| Type  | Used | Available | Num Fixed |
+-------+------+-----------+-----------+
| BUFG  |    4 |        32 |         0 |
| BUFH  |    0 |        96 |         0 |
| BUFIO |    0 |        24 |         0 |
| MMCM  |    1 |         6 |         0 |
| PLL   |    0 |         6 |         0 |
| BUFR  |    0 |        24 |         0 |
| BUFMR |    0 |        12 |         0 |
+-------+------+-----------+-----------+


2. Details of Global Clocks
---------------------------

+-------+---------------------------+------------------------------------+--------------+-------+---------------+-----------+
|       |                           |                                    |   Num Loads  |       |               |           |
+-------+---------------------------+------------------------------------+------+-------+-------+---------------+-----------+
| Index | BUFG Cell                 | Net Name                           | BELs | Sites | Fixed | MaxDelay (ns) | Skew (ns) |
+-------+---------------------------+------------------------------------+------+-------+-------+---------------+-----------+
|     1 | g1/u0/u0/inst/clkf_buf    | g1/u0/u0/inst/clkfbout_buf_dcm_25m |    1 |     1 |    no |         1.895 |     0.095 |
|     2 | n_0_1166_BUFG_inst        | n_0_1166_BUFG                      |   12 |     4 |    no |         1.876 |     0.152 |
|     3 | g1/u0/u0/inst/clkout1_buf | g1/u0/u0/inst/clk_out1             |   93 |    47 |    no |         1.865 |     0.243 |
|     4 | xlnx_opt_BUFG             | xlnx_opt__2                        |  101 |    25 |    no |         1.893 |     0.176 |
+-------+---------------------------+------------------------------------+------+-------+-------+---------------+-----------+


+-------+-----------------------------+--------------------------------+--------------+-------+---------------+-----------+
|       |                             |                                |   Num Loads  |       |               |           |
+-------+-----------------------------+--------------------------------+------+-------+-------+---------------+-----------+
| Index | MMCM Cell                   | Net Name                       | BELs | Sites | Fixed | MaxDelay (ns) | Skew (ns) |
+-------+-----------------------------+--------------------------------+------+-------+-------+---------------+-----------+
|     1 | g1/u0/u0/inst/mmcm_adv_inst | g1/u0/u0/inst/clk_out1_dcm_25m |    1 |     1 |    no |         2.018 |     0.101 |
|     2 | g1/u0/u0/inst/mmcm_adv_inst | g1/u0/u0/inst/clkfbout_dcm_25m |    1 |     1 |    no |         2.018 |     0.101 |
+-------+-----------------------------+--------------------------------+------+-------+-------+---------------+-----------+


3. Details of Regional Clocks
-----------------------------

4. Details of Multi-Regional Clocks
-----------------------------------

5. Details of I/O Clocks
------------------------

6. Details of Local Clocks
--------------------------

+-------+---------------------+------------+--------------+-------+---------------+-----------+
|       |                     |            |   Num Loads  |       |               |           |
+-------+---------------------+------------+------+-------+-------+---------------+-----------+
| Index | Local Clk Src       | Net Name   | BELs | Sites | Fixed | MaxDelay (ns) | Skew (ns) |
+-------+---------------------+------------+------+-------+-------+---------------+-----------+
|     1 | c1/u1/m_reg[0]      | c1/u1/Q[0] |    8 |     4 |    no |         0.944 |     0.366 |
|     2 | g1/u0/sorce_clk_reg | g1/u0/CLK  |   10 |     4 |    no |         2.728 |     2.257 |
+-------+---------------------+------------+------+-------+-------+---------------+-----------+


7. Clock Regions : Key Resource Utilization
-------------------------------------------

+-------------------+--------------+--------------+--------------+--------------+--------------+--------------+--------------+--------------+--------------+--------------+--------------+--------------+--------------+--------------+--------------+
|                   | Global Clock |     BUFRs    |    BUFMRs    |    BUFIOs    |     MMCM     |      PLL     |      GT      |      PCI     |    ILOGIC    |    OLOGIC    |      FF      |     LUTM     |    RAMB18    |    RAMB36    |    DSP48E1   |
+-------------------+------+-------+------+-------+------+-------+------+-------+------+-------+------+-------+------+-------+------+-------+------+-------+------+-------+------+-------+------+-------+------+-------+------+-------+------+-------+
| Clock Region Name | Used | Avail | Used | Avail | Used | Avail | Used | Avail | Used | Avail | Used | Avail | Used | Avail | Used | Avail | Used | Avail | Used | Avail | Used | Avail | Used | Avail | Used | Avail | Used | Avail | Used | Avail |
+-------------------+------+-------+------+-------+------+-------+------+-------+------+-------+------+-------+------+-------+------+-------+------+-------+------+-------+------+-------+------+-------+------+-------+------+-------+------+-------+
| X0Y0              |    2 |    12 |    0 |     4 |    0 |     2 |    0 |     4 |    1 |     1 |    0 |     1 |    0 |     0 |    0 |     0 |    0 |    50 |    0 |    50 |    0 | 20800 |    0 |  2400 |    0 |    20 |    0 |    10 |    0 |    20 |
| X1Y0              |    0 |    12 |    0 |     0 |    0 |     0 |    0 |     0 |    0 |     0 |    0 |     0 |    0 |     5 |    0 |     0 |    0 |     0 |    0 |     0 |    0 | 12000 |    0 |  2200 |    0 |    40 |    0 |    20 |    0 |    40 |
| X0Y1              |    0 |    12 |    0 |     4 |    0 |     2 |    0 |     4 |    0 |     1 |    0 |     1 |    0 |     0 |    0 |     0 |    0 |    50 |    0 |    50 |    0 | 16000 |    0 |  2400 |    0 |    20 |    0 |    10 |    0 |    20 |
| X1Y1              |    3 |    12 |    0 |     4 |    0 |     2 |    0 |     4 |    0 |     1 |    0 |     1 |    0 |     0 |    0 |     0 |    0 |    50 |    0 |    50 |  196 | 15200 |   16 |  2600 |    0 |    60 |    0 |    30 |    0 |    40 |
| X0Y2              |    0 |    12 |    0 |     4 |    0 |     2 |    0 |     4 |    0 |     1 |    0 |     1 |    0 |     0 |    0 |     0 |    0 |    50 |    0 |    50 |    0 | 16000 |    0 |  2400 |    0 |    20 |    0 |    10 |    0 |    20 |
| X1Y2              |    1 |    12 |    0 |     4 |    0 |     2 |    0 |     4 |    0 |     1 |    0 |     1 |    0 |     0 |    0 |     0 |    0 |    50 |    0 |    50 |    2 | 15200 |    0 |  2600 |    0 |    60 |    0 |    30 |    0 |    40 |
| X0Y3              |    0 |    12 |    0 |     4 |    0 |     2 |    0 |     4 |    0 |     1 |    0 |     1 |    0 |     0 |    0 |     0 |    0 |    50 |    0 |    50 |    0 | 20800 |    0 |  2400 |    0 |    20 |    0 |    10 |    0 |    20 |
| X1Y3              |    0 |    12 |    0 |     0 |    0 |     0 |    0 |     0 |    0 |     0 |    0 |     0 |    0 |     5 |    0 |     1 |    0 |     0 |    0 |     0 |    0 | 10800 |    0 |  2000 |    0 |    30 |    0 |    15 |    0 |    40 |
+-------------------+------+-------+------+-------+------+-------+------+-------+------+-------+------+-------+------+-------+------+-------+------+-------+------+-------+------+-------+------+-------+------+-------+------+-------+------+-------+
* RAMB36 site can be used as two RAMB18/FIFO18 sites


8. Net wise resources used in clock region X0Y0
-----------------------------------------------

+-------------+-------------+-------+-----------+----------+---------+-----------+---------+---------+-----+-------+----------+------------------------------------+
| Source Type | BUFHCE Site | Fixed | MMCM Pins | PLL Pins | GT Pins | BRAM Pins | ILOGICs | OLOGICs | FFs | LUTMs | DSP48E1s |           Clock Net Name           |
+-------------+-------------+-------+-----------+----------+---------+-----------+---------+---------+-----+-------+----------+------------------------------------+
| BUFG        |     ---     |   no  |         1 |        0 |       0 |         0 |       0 |       0 |   0 |     0 |        0 | g1/u0/u0/inst/clkfbout_buf_dcm_25m |
| BUFG        |     ---     |   no  |         1 |        0 |       0 |         0 |       0 |       0 |   0 |     0 |        0 | xlnx_opt__2                        |
+-------------+-------------+-------+-----------+----------+---------+-----------+---------+---------+-----+-------+----------+------------------------------------+


9. Net wise resources used in clock region X1Y1
-----------------------------------------------

+-------------+-------------+-------+-----------+----------+---------+-----------+---------+---------+-----+-------+----------+------------------------+
| Source Type | BUFHCE Site | Fixed | MMCM Pins | PLL Pins | GT Pins | BRAM Pins | ILOGICs | OLOGICs | FFs | LUTMs | DSP48E1s |     Clock Net Name     |
+-------------+-------------+-------+-----------+----------+---------+-----------+---------+---------+-----+-------+----------+------------------------+
| BUFG        |     ---     |   no  |         0 |        0 |       0 |         0 |       0 |       0 |  12 |     0 |        0 | n_0_1166_BUFG          |
| BUFG        |     ---     |   no  |         0 |        0 |       0 |         0 |       0 |       0 |  82 |    16 |        0 | xlnx_opt__2            |
| BUFG        |     ---     |   no  |         0 |        0 |       0 |         0 |       0 |       0 |  93 |     0 |        0 | g1/u0/u0/inst/clk_out1 |
+-------------+-------------+-------+-----------+----------+---------+-----------+---------+---------+-----+-------+----------+------------------------+


10. Net wise resources used in clock region X1Y2
------------------------------------------------

+-------------+-------------+-------+-----------+----------+---------+-----------+---------+---------+-----+-------+----------+----------------+
| Source Type | BUFHCE Site | Fixed | MMCM Pins | PLL Pins | GT Pins | BRAM Pins | ILOGICs | OLOGICs | FFs | LUTMs | DSP48E1s | Clock Net Name |
+-------------+-------------+-------+-----------+----------+---------+-----------+---------+---------+-----+-------+----------+----------------+
| BUFG        |     ---     |   no  |         0 |        0 |       0 |         0 |       0 |       0 |   2 |     0 |        0 | xlnx_opt__2    |
+-------------+-------------+-------+-----------+----------+---------+-----------+---------+---------+-----+-------+----------+----------------+



# Location of BUFG Primitives 
set_property LOC BUFGCTRL_X0Y0 [get_cells g1/u0/u0/inst/clkout1_buf]
set_property LOC BUFGCTRL_X0Y2 [get_cells g1/u0/u0/inst/clkf_buf]
set_property LOC BUFGCTRL_X0Y1 [get_cells n_0_1166_BUFG_inst]
set_property LOC BUFGCTRL_X0Y16 [get_cells xlnx_opt_BUFG]

# Location of IO Clock Primitives

# Location of MMCM Clock Primitives
set_property LOC MMCME2_ADV_X0Y0 [get_cells g1/u0/u0/inst/mmcm_adv_inst]

# Location of BUFH Clock Primitives

# Location of BUFR Clock Primitives

# Location of BUFMR Clock Primitives

# Location of PLL Clock Primitives

# Location of IO Primitives which is load of clock spine
set_property LOC IOB_X1Y57 [get_cells sorce_clk_OBUF_inst]

# Location of clock ports
set_property LOC IOB_X1Y126 [get_ports clk]

# Clock net "c1/u1/Q[0]" driven by instance "c1/u1/m_reg[0]" located at site "SLICE_X88Y76"
#startgroup
create_pblock CLKAG_c1/u1/Q[0]
add_cells_to_pblock [get_pblocks  CLKAG_c1/u1/Q[0]] [get_cells  -filter { IS_PRIMITIVE==1 && PRIMITIVE_LEVEL !=INTERNAL } -of_object [get_pins -filter {DIRECTION==IN} -of_objects [get_nets -hierarchical -filter {PARENT=="c1/u1/Q[0]"}]]]
resize_pblock [get_pblocks CLKAG_c1/u1/Q[0]] -add {CLOCKREGION_X0Y0:CLOCKREGION_X0Y0 CLOCKREGION_X0Y1:CLOCKREGION_X0Y1 CLOCKREGION_X0Y2:CLOCKREGION_X0Y2 CLOCKREGION_X0Y3:CLOCKREGION_X0Y3 CLOCKREGION_X1Y0:CLOCKREGION_X1Y0 CLOCKREGION_X1Y1:CLOCKREGION_X1Y1 CLOCKREGION_X1Y2:CLOCKREGION_X1Y2 CLOCKREGION_X1Y3:CLOCKREGION_X1Y3}
#endgroup

# Clock net "g1/u0/CLK" driven by instance "g1/u0/sorce_clk_reg" located at site "SLICE_X72Y75"
#startgroup
create_pblock CLKAG_g1/u0/CLK
add_cells_to_pblock [get_pblocks  CLKAG_g1/u0/CLK] [get_cells  -filter { IS_PRIMITIVE==1 && PRIMITIVE_LEVEL !=INTERNAL && NAME!=sorce_clk_OBUF_inst} -of_object [get_pins -filter {DIRECTION==IN} -of_objects [get_nets -hierarchical -filter {PARENT=="g1/u0/CLK"}]]]
resize_pblock [get_pblocks CLKAG_g1/u0/CLK] -add {CLOCKREGION_X0Y0:CLOCKREGION_X0Y0 CLOCKREGION_X0Y1:CLOCKREGION_X0Y1 CLOCKREGION_X0Y2:CLOCKREGION_X0Y2 CLOCKREGION_X0Y3:CLOCKREGION_X0Y3 CLOCKREGION_X1Y0:CLOCKREGION_X1Y0 CLOCKREGION_X1Y1:CLOCKREGION_X1Y1 CLOCKREGION_X1Y2:CLOCKREGION_X1Y2 CLOCKREGION_X1Y3:CLOCKREGION_X1Y3}
#endgroup

# Clock net "g1/u0/u0/inst/clk_out1" driven by instance "g1/u0/u0/inst/clkout1_buf" located at site "BUFGCTRL_X0Y0"
#startgroup
create_pblock CLKAG_g1/u0/u0/inst/clk_out1
add_cells_to_pblock [get_pblocks  CLKAG_g1/u0/u0/inst/clk_out1] [get_cells  -filter { IS_PRIMITIVE==1 && PRIMITIVE_LEVEL !=INTERNAL } -of_object [get_pins -filter {DIRECTION==IN} -of_objects [get_nets -hierarchical -filter {PARENT=="g1/u0/u0/inst/clk_out1"}]]]
resize_pblock [get_pblocks CLKAG_g1/u0/u0/inst/clk_out1] -add {CLOCKREGION_X0Y0:CLOCKREGION_X0Y0 CLOCKREGION_X0Y1:CLOCKREGION_X0Y1 CLOCKREGION_X0Y2:CLOCKREGION_X0Y2 CLOCKREGION_X0Y3:CLOCKREGION_X0Y3 CLOCKREGION_X1Y0:CLOCKREGION_X1Y0 CLOCKREGION_X1Y1:CLOCKREGION_X1Y1 CLOCKREGION_X1Y2:CLOCKREGION_X1Y2 CLOCKREGION_X1Y3:CLOCKREGION_X1Y3}
#endgroup

# Clock net "n_0_1166_BUFG" driven by instance "n_0_1166_BUFG_inst" located at site "BUFGCTRL_X0Y1"
#startgroup
create_pblock CLKAG_n_0_1166_BUFG
add_cells_to_pblock [get_pblocks  CLKAG_n_0_1166_BUFG] [get_cells  -filter { IS_PRIMITIVE==1 && PRIMITIVE_LEVEL !=INTERNAL } -of_object [get_pins -filter {DIRECTION==IN} -of_objects [get_nets -hierarchical -filter {PARENT=="n_0_1166_BUFG"}]]]
resize_pblock [get_pblocks CLKAG_n_0_1166_BUFG] -add {CLOCKREGION_X0Y0:CLOCKREGION_X0Y0 CLOCKREGION_X0Y1:CLOCKREGION_X0Y1 CLOCKREGION_X0Y2:CLOCKREGION_X0Y2 CLOCKREGION_X0Y3:CLOCKREGION_X0Y3 CLOCKREGION_X1Y0:CLOCKREGION_X1Y0 CLOCKREGION_X1Y1:CLOCKREGION_X1Y1 CLOCKREGION_X1Y2:CLOCKREGION_X1Y2 CLOCKREGION_X1Y3:CLOCKREGION_X1Y3}
#endgroup

# Clock net "xlnx_opt__2" driven by instance "xlnx_opt_BUFG" located at site "BUFGCTRL_X0Y16"
#startgroup
create_pblock CLKAG_xlnx_opt__2
add_cells_to_pblock [get_pblocks  CLKAG_xlnx_opt__2] [get_cells  -filter { IS_PRIMITIVE==1 && PRIMITIVE_LEVEL !=INTERNAL && NAME!=g1/u0/u0/inst/mmcm_adv_inst} -of_object [get_pins -filter {DIRECTION==IN} -of_objects [get_nets -hierarchical -filter {PARENT=="xlnx_opt__2"}]]]
resize_pblock [get_pblocks CLKAG_xlnx_opt__2] -add {CLOCKREGION_X0Y0:CLOCKREGION_X0Y0 CLOCKREGION_X0Y1:CLOCKREGION_X0Y1 CLOCKREGION_X0Y2:CLOCKREGION_X0Y2 CLOCKREGION_X0Y3:CLOCKREGION_X0Y3 CLOCKREGION_X1Y0:CLOCKREGION_X1Y0 CLOCKREGION_X1Y1:CLOCKREGION_X1Y1 CLOCKREGION_X1Y2:CLOCKREGION_X1Y2 CLOCKREGION_X1Y3:CLOCKREGION_X1Y3}
#endgroup
