Copyright 1986-2014 Xilinx, Inc. All Rights Reserved.
-------------------------------------------------------------------------------------------------------------------
| Tool Version     : Vivado v.2014.2 (win64) Build 932637 Wed Jun 11 13:33:10 MDT 2014
| Date             : Mon Dec 29 17:34:52 2014
| Host             : stu49c86b running 64-bit major release  (build 7600)
| Command          : report_power -file top_soccer_power_routed.rpt -pb top_soccer_power_summary_routed.pb
| Design           : top_soccer
| Device           : xc7a100tcsg324-1
| Design State     : Routed
| Grade            : commercial
| Process          : typical
| Characterization : Production
-------------------------------------------------------------------------------------------------------------------

Power Report

Table of Contents
-----------------
1. Summary
1.1 On-Chip Components
1.2 Power Supply Summary
1.3 Confidence Level
2. Settings
2.1 Environment
2.2 Clock Constraints
3. Detailed Reports
3.1 By Hierarchy

1. Summary
----------

+--------------------------+-------+
| Total On-Chip Power (W)  | 0.153 |
| Dynamic (W)              | 0.056 |
| Device Static (W)        | 0.097 |
| Effective TJA (C/W)      | 4.6   |
| Max Ambient (C)          | 84.3  |
| Junction Temperature (C) | 25.7  |
| Confidence Level         | Low   |
| Setting File             | ---   |
| Simulation Activity File | ---   |
| Design Nets Matched      | NA    |
+--------------------------+-------+


1.1 On-Chip Components
----------------------

+--------------------------+-----------+----------+-----------+-----------------+
| On-Chip                  | Power (W) | Used     | Available | Utilization (%) |
+--------------------------+-----------+----------+-----------+-----------------+
| Clocks                   |    <0.001 |        3 |       --- |             --- |
| Slice Logic              |    <0.001 |     1450 |       --- |             --- |
|   LUT as Logic           |    <0.001 |      832 |     63400 |            1.31 |
|   LUT as Distributed RAM |    <0.001 |        8 |     19000 |            0.04 |
|   CARRY4                 |    <0.001 |      127 |     15850 |            0.80 |
|   Register               |    <0.001 |      198 |    126800 |            0.15 |
|   Others                 |     0.000 |       16 |       --- |             --- |
|   F7/F8 Muxes            |     0.000 |        1 |     63400 |           <0.01 |
|   BUFG                   |     0.000 |        2 |        32 |            6.25 |
| Signals                  |    <0.001 |      916 |       --- |             --- |
| MMCM                     |     0.052 |        1 |         6 |           16.66 |
| I/O                      |     0.003 |       53 |       210 |           25.23 |
| Static Power             |     0.097 |          |           |                 |
| Total                    |     0.153 |          |           |                 |
+--------------------------+-----------+----------+-----------+-----------------+


1.2 Power Supply Summary
------------------------

+-----------+-------------+-----------+-------------+------------+
| Source    | Voltage (V) | Total (A) | Dynamic (A) | Static (A) |
+-----------+-------------+-----------+-------------+------------+
| Vccint    |       1.000 |     0.017 |       0.002 |      0.015 |
| Vccaux    |       1.800 |     0.047 |       0.029 |      0.018 |
| Vcco33    |       3.300 |     0.005 |       0.001 |      0.004 |
| Vcco25    |       2.500 |     0.000 |       0.000 |      0.000 |
| Vcco18    |       1.800 |     0.000 |       0.000 |      0.000 |
| Vcco15    |       1.500 |     0.000 |       0.000 |      0.000 |
| Vcco135   |       1.350 |     0.000 |       0.000 |      0.000 |
| Vcco12    |       1.200 |     0.000 |       0.000 |      0.000 |
| Vccaux_io |       0.000 |     0.000 |       0.000 |      0.000 |
| Vccbram   |       1.000 |     0.000 |       0.000 |      0.000 |
| MGTAVcc   |       1.000 |     0.000 |       0.000 |      0.000 |
| MGTAVtt   |       1.200 |     0.000 |       0.000 |      0.000 |
| Vccadc    |       1.800 |     0.020 |       0.000 |      0.020 |
+-----------+-------------+-----------+-------------+------------+


1.3 Confidence Level
--------------------

+-----------------------------+------------+--------------------------------------------------------+--------------------------------------------------------------------------------------------------------------------+
| User Input Data             | Confidence | Details                                                | Action                                                                                                             |
+-----------------------------+------------+--------------------------------------------------------+--------------------------------------------------------------------------------------------------------------------+
| Design implementation state | High       | Design is routed                                       |                                                                                                                    |
| Clock nodes activity        | Low        | User specified less than 75% of clocks                 | Provide missing clock activity with a constraint file, simulation results or by editing the "By Clock Domain" view |
| I/O nodes activity          | Low        | More than 75% of inputs are missing user specification | Provide missing input activity with simulation results or by editing the "By Resource Type -> I/Os" view           |
| Internal nodes activity     | Medium     | User specified less than 25% of internal nodes         | Provide missing internal nodes activity with simulation results or by editing the "By Resource Type" views         |
| Device models               | High       | Device models are Production                           |                                                                                                                    |
|                             |            |                                                        |                                                                                                                    |
| Overall confidence level    | Low        |                                                        |                                                                                                                    |
+-----------------------------+------------+--------------------------------------------------------+--------------------------------------------------------------------------------------------------------------------+


2. Settings
-----------

2.1 Environment
---------------

+-----------------------+--------------------------+
| Ambient Temp (C)      | 25.0                     |
| ThetaJA (C/W)         | 4.6                      |
| Airflow (LFM)         | 250                      |
| Heat Sink             | medium (Medium Profile)  |
| ThetaSA (C/W)         | 4.6                      |
| Board Selection       | medium (10"x10")         |
| # of Board Layers     | 12to15 (12 to 15 Layers) |
| Board Temperature (C) | 25.0                     |
+-----------------------+--------------------------+


2.2 Clock Constraints
---------------------

+------------------+--------------------------------+-----------------+
| Clock            | Domain                         | Constraint (ns) |
+------------------+--------------------------------+-----------------+
| clkfbout_dcm_25m | g1/u0/u0/inst/clkfbout_dcm_25m |            40.0 |
| clk_out1_dcm_25m | g1/u0/u0/inst/clk_out1_dcm_25m |            40.0 |
+------------------+--------------------------------+-----------------+


3. Detailed Reports
-------------------

3.1 By Hierarchy
----------------

+------------------------+-----------+
| Name                   | Power (W) |
+------------------------+-----------+
| top_soccer             |     0.056 |
|   c1                   |    <0.001 |
|     u0                 |    <0.001 |
|     u1                 |    <0.001 |
|     u2                 |     0.000 |
|   g1                   |     0.054 |
|     p0                 |    <0.001 |
|       fifo_reg_0_7_0_5 |    <0.001 |
|       fifo_reg_0_7_6_7 |    <0.001 |
|     u0                 |     0.054 |
|       u0               |     0.052 |
|         inst           |     0.052 |
|       u2               |    <0.001 |
|       u3               |    <0.001 |
+------------------------+-----------+


